10:43:33 RUN btc regime rows: 39272
10:45:34 RUN [3/297] BEAT_USDT_SWAP: fires=1 rows=1
10:47:34 RUN [5/297] ATOM_USDT_SWAP: fires=89 rows=89
10:49:35 RUN [7/297] BABY_USDT_SWAP: fires=52 rows=52
10:51:36 RUN [9/297] POL_USDT_SWAP: fires=79 rows=79
10:53:36 RUN [12/297] ARB_USDT_SWAP: fires=39 rows=39
10:55:37 RUN [15/297] SOPH_USDT_SWAP: fires=69 rows=69
10:57:38 RUN [17/297] OP_USDT_SWAP: fires=52 rows=52
10:59:38 RUN [21/297] KITE_USDT_SWAP: fires=2 rows=2
11:01:39 RUN [24/297] WAL_USDT_SWAP: fires=52 rows=52
11:03:40 RUN [25/297] ORDER_USDT_SWAP: fires=24 rows=24
11:05:40 RUN [26/297] BCH_USDT_SWAP: fires=145 rows=143
11:07:41 RUN [27/297] NG_USDT_SWAP: fires=21 rows=20
11:09:42 RUN [27/297] NG_USDT_SWAP: fires=21 rows=20
11:11:42 RUN [30/297] MOODENG_USDT_SWAP: fires=45 rows=45
11:13:43 RUN [32/297] PARTI_USDT_SWAP: fires=40 rows=40
11:15:44 RUN [33/297] DOT_USDT_SWAP: fires=69 rows=69
11:17:44 RUN [35/297] HOME_USDT_SWAP: fires=62 rows=62
11:19:45 RUN [37/297] WIF_USDT_SWAP: fires=39 rows=39
11:21:46 RUN [39/297] SYRUP_USDT_SWAP: fires=32 rows=31
11:23:46 RUN [41/297] SUSHI_USDT_SWAP: fires=52 rows=52
11:25:47 RUN [44/297] APR_USDT_SWAP: fires=12 rows=12
11:27:48 RUN [48/297] EGLD_USDT_SWAP: fires=57 rows=57
11:29:48 RUN [48/297] EGLD_USDT_SWAP: fires=57 rows=57
11:31:49 RUN [50/297] ALGO_USDT_SWAP: fires=67 rows=67
11:33:50 RUN [52/297] GLM_USDT_SWAP: fires=97 rows=97
11:35:50 RUN [54/297] AVNT_USDT_SWAP: fires=21 rows=21
11:37:51 RUN [57/297] APT_USDT_SWAP: fires=68 rows=68
11:39:52 RUN [60/297] MEME_USDT_SWAP: fires=49 rows=49
11:41:52 RUN [64/297] IWM_USDT_SWAP: fires=12 rows=6
11:43:53 RUN [67/297] IOTA_USDT_SWAP: fires=70 rows=70
11:45:53 RUN [72/297] AIXBT_USDT_SWAP: fires=17 rows=17
11:47:54 RUN [76/297] THETA_USDT_SWAP: fires=36 rows=36
11:49:55 RUN [78/297] MORPHO_USDT_SWAP: fires=69 rows=69
11:51:55 RUN [79/297] SHIB_USDT_SWAP: fires=121 rows=121
11:53:56 RUN [88/297] LAB_USDT_SWAP: fires=2 rows=2
11:55:57 RUN [90/297] AGLD_USDT_SWAP: fires=54 rows=54
11:57:57 RUN [92/297] SAHARA_USDT_SWAP: fires=87 rows=87
11:59:58 RUN [96/297] TAO_USDT_SWAP: fires=50 rows=50
12:01:59 RUN [99/297] WET_USDT_SWAP: fires=22 rows=22
12:03:59 RUN [101/297] AEVO_USDT_SWAP: fires=47 rows=47
12:06:00 RUN [104/297] FOGO_USDT_SWAP: fires=6 rows=6
