valwin rescan: 344 swap series, tail=3200 bars < 2026-05-04 00:00:00+00:00
  0G_USDT_SWAP: 10 YOLO候选
  1INCH_USDT_SWAP: 10 YOLO候选
  2Z_USDT_SWAP: 7 YOLO候选
  AAVE_USDT_SWAP: 10 YOLO候选
  ACH_USDT_SWAP: 10 YOLO候选
  ACT_USDT_SWAP: 10 YOLO候选
  ACU_USDT_SWAP: 6 YOLO候选
  ADA_USDT_SWAP: 12 YOLO候选
  AERO_USDT_SWAP: 11 YOLO候选
  AEVO_USDT_SWAP: 8 YOLO候选
  AGLD_USDT_SWAP: 10 YOLO候选
  AIXBT_USDT_SWAP: 10 YOLO候选
  ALGO_USDT_SWAP: 6 YOLO候选
  ALLO_USDT_SWAP: 10 YOLO候选
  ANIME_USDT_SWAP: 9 YOLO候选
  APE_USDT_SWAP: 12 YOLO候选
  API3_USDT_SWAP: 8 YOLO候选
  APR_USDT_SWAP: 8 YOLO候选
  APT_USDT_SWAP: 13 YOLO候选
  ARB_USDT_SWAP: 9 YOLO候选
  ARKM_USDT_SWAP: 9 YOLO候选
  AR_USDT_SWAP: 7 YOLO候选
  ASTER_USDT_SWAP: 10 YOLO候选
  ATH_USDT_SWAP: 9 YOLO候选
  ATOM_USDT_SWAP: 12 YOLO候选
  AT_USDT_SWAP: 5 YOLO候选
  AUCTION_USDT_SWAP: 7 YOLO候选
  AVAX_USDT_SWAP: 14 YOLO候选
  AVNT_USDT_SWAP: 12 YOLO候选
  AXS_USDT_SWAP: 9 YOLO候选
  AZTEC_USDT_SWAP: 7 YOLO候选
  A_USDT_SWAP: 11 YOLO候选
  BABY_USDT_SWAP: 7 YOLO候选
  BAND_USDT_SWAP: 8 YOLO候选
  BARD_USDT_SWAP: 7 YOLO候选
  BASED_USDT_SWAP: 10 YOLO候选
  BAT_USDT_SWAP: 11 YOLO候选
  BCH_USDT_SWAP: 9 YOLO候选
  BEAT_USDT_SWAP: 2 YOLO候选
  BERA_USDT_SWAP: 15 YOLO候选
  BICO_USDT_SWAP: 6 YOLO候选
  BIGTIME_USDT_SWAP: 13 YOLO候选
  … progress 50/344 rows=389
  BIO_USDT_SWAP: 8 YOLO候选
  BLUR_USDT_SWAP: 11 YOLO候选
  BNB_USDT_SWAP: 12 YOLO候选
  BOME_USDT_SWAP: 11 YOLO候选
  BONK_USDT_SWAP: 11 YOLO候选
  BRETT_USDT_SWAP: 12 YOLO候选
  BREV_USDT_SWAP: 9 YOLO候选
  BSB_USDT_SWAP: 9 YOLO候选
  BTC_USDT_SWAP: 9 YOLO候选
  BZ_USDT_SWAP: 10 YOLO候选
  CC_USDT_SWAP: 8 YOLO候选
  CELO_USDT_SWAP: 11 YOLO候选
  CFX_USDT_SWAP: 12 YOLO候选
  CHIP_USDT_SWAP: 1 YOLO候选
  CHZ_USDT_SWAP: 11 YOLO候选
  COAI_USDT_SWAP: 8 YOLO候选
  COMP_USDT_SWAP: 10 YOLO候选
  CORE_USDT_SWAP: 8 YOLO候选
  CRO_USDT_SWAP: 10 YOLO候选
  … progress 75/344 rows=567
  CRV_USDT_SWAP: 3 YOLO候选
  CRWV_USDT_SWAP: 7 YOLO候选
  CVX_USDT_SWAP: 9 YOLO候选
  DASH_USDT_SWAP: 9 YOLO候选
  DOGE_USDT_SWAP: 13 YOLO候选
  DOOD_USDT_SWAP: 13 YOLO候选
  DOT_USDT_SWAP: 13 YOLO候选
  DYDX_USDT_SWAP: 8 YOLO候选
  EDEN_USDT_SWAP: 6 YOLO候选
  EDGE_USDT_SWAP: 7 YOLO候选
  EGLD_USDT_SWAP: 13 YOLO候选
  EIGEN_USDT_SWAP: 11 YOLO候选
  ENA_USDT_SWAP: 12 YOLO候选
  ENJ_USDT_SWAP: 6 YOLO候选
  ENSO_USDT_SWAP: 9 YOLO候选
  ENS_USDT_SWAP: 11 YOLO候选
  ESP_USDT_SWAP: 7 YOLO候选
  ETC_USDT_SWAP: 11 YOLO候选
  ETHFI_USDT_SWAP: 8 YOLO候选
  ETHW_USDT_SWAP: 11 YOLO候选
  ETH_USDT_SWAP: 12 YOLO候选
  FARTCOIN_USDT_SWAP: 8 YOLO候选
  FIL_USDT_SWAP: 9 YOLO候选
  FLOKI_USDT_SWAP: 10 YOLO候选
  FLOW_USDT_SWAP: 11 YOLO候选
  FOGO_USDT_SWAP: 8 YOLO候选
  F_USDT_SWAP: 12 YOLO候选
  GALA_USDT_SWAP: 10 YOLO候选
  GAS_USDT_SWAP: 11 YOLO候选
  GIGGLE_USDT_SWAP: 11 YOLO候选
  GLM_USDT_SWAP: 8 YOLO候选
  GMT_USDT_SWAP: 11 YOLO候选
  GMX_USDT_SWAP: 8 YOLO候选
  GPS_USDT_SWAP: 11 YOLO候选
  GRASS_USDT_SWAP: 10 YOLO候选
  GRT_USDT_SWAP: 12 YOLO候选
  HBAR_USDT_SWAP: 10 YOLO候选
  HMSTR_USDT_SWAP: 7 YOLO候选
  HOME_USDT_SWAP: 8 YOLO候选
  HUMA_USDT_SWAP: 8 YOLO候选
  HYPE_USDT_SWAP: 7 YOLO候选
  H_USDT_SWAP: 9 YOLO候选
  ICP_USDT_SWAP: 11 YOLO候选
  ICX_USDT_SWAP: 8 YOLO候选
  IMX_USDT_SWAP: 11 YOLO候选
  INIT_USDT_SWAP: 16 YOLO候选
  INJ_USDT_SWAP: 11 YOLO候选
  IOST_USDT_SWAP: 10 YOLO候选
  IOTA_USDT_SWAP: 10 YOLO候选
  IWM_USDT_SWAP: 3 YOLO候选
  JELLYJELLY_USDT_SWAP: 8 YOLO候选
  JTO_USDT_SWAP: 10 YOLO候选
  JUP_USDT_SWAP: 12 YOLO候选
  KAITO_USDT_SWAP: 10 YOLO候选
  KAT_USDT_SWAP: 6 YOLO候选
  KGEN_USDT_SWAP: 9 YOLO候选
  KITE_USDT_SWAP: 4 YOLO候选
  KMNO_USDT_SWAP: 9 YOLO候选
  KSM_USDT_SWAP: 12 YOLO候选
  LAB_USDT_SWAP: 7 YOLO候选
  … progress 150/344 rows=1132
  LAYER_USDT_SWAP: 8 YOLO候选
  LA_USDT_SWAP: 9 YOLO候选
  LDO_USDT_SWAP: 12 YOLO候选
  LIGHT_USDT_SWAP: 10 YOLO候选
  LINEA_USDT_SWAP: 8 YOLO候选
  LINK_USDT_SWAP: 13 YOLO候选
  LIT_USDT_SWAP: 10 YOLO候选
  LPT_USDT_SWAP: 9 YOLO候选
  LQTY_USDT_SWAP: 11 YOLO候选
  LRC_USDT_SWAP: 10 YOLO候选
  LTC_USDT_SWAP: 11 YOLO候选
  LUNA_USDT_SWAP: 11 YOLO候选
  MAGIC_USDT_SWAP: 9 YOLO候选
  MANA_USDT_SWAP: 11 YOLO候选
  MASK_USDT_SWAP: 9 YOLO候选
  MEME_USDT_SWAP: 11 YOLO候选
  MERL_USDT_SWAP: 11 YOLO候选
  METIS_USDT_SWAP: 12 YOLO候选
  MET_USDT_SWAP: 6 YOLO候选
  MEW_USDT_SWAP: 8 YOLO候选
  ME_USDT_SWAP: 12 YOLO候选
  … progress 175/344 rows=1343
  MINA_USDT_SWAP: 7 YOLO候选
  MMT_USDT_SWAP: 5 YOLO候选
  MON_USDT_SWAP: 10 YOLO候选
  MOODENG_USDT_SWAP: 12 YOLO候选
  MORPHO_USDT_SWAP: 13 YOLO候选
  MOVE_USDT_SWAP: 12 YOLO候选
  MUBARAK_USDT_SWAP: 13 YOLO候选
  NEAR_USDT_SWAP: 7 YOLO候选
  NEIRO_USDT_SWAP: 11 YOLO候选
  NEO_USDT_SWAP: 13 YOLO候选
  NG_USDT_SWAP: 6 YOLO候选
  NIGHT_USDT_SWAP: 9 YOLO候选
  NMR_USDT_SWAP: 7 YOLO候选
  NOT_USDT_SWAP: 9 YOLO候选
  OFC_USDT_SWAP: 7 YOLO候选
  OKB_USDT_SWAP: 9 YOLO候选
  OL_USDT_SWAP: 9 YOLO候选
  ONDO_USDT_SWAP: 11 YOLO候选
  … progress 200/344 rows=1512
  ONE_USDT_SWAP: 7 YOLO候选
  ONT_USDT_SWAP: 8 YOLO候选
  OPG_USDT_SWAP: 0 YOLO候选
  OPN_USDT_SWAP: 7 YOLO候选
  OP_USDT_SWAP: 13 YOLO候选
  ORDER_USDT_SWAP: 15 YOLO候选
  ORDI_USDT_SWAP: 6 YOLO候选
  PARTI_USDT_SWAP: 7 YOLO候选
  PENDLE_USDT_SWAP: 10 YOLO候选
  PENGU_USDT_SWAP: 10 YOLO候选
  PEOPLE_USDT_SWAP: 8 YOLO候选
  PEPE_USDT_SWAP: 12 YOLO候选
  PIEVERSE_USDT_SWAP: 12 YOLO候选
  PIPPIN_USDT_SWAP: 5 YOLO候选
  PI_USDT_SWAP: 11 YOLO候选
  PLUME_USDT_SWAP: 8 YOLO候选
  PNUT_USDT_SWAP: 10 YOLO候选
  POL_USDT_SWAP: 10 YOLO候选
  POPCAT_USDT_SWAP: 8 YOLO候选
  … progress 225/344 rows=1679
  PROS_USDT_SWAP: 0 YOLO候选
  PROVE_USDT_SWAP: 9 YOLO候选
  PUMP_USDT_SWAP: 10 YOLO候选
  PYTH_USDT_SWAP: 8 YOLO候选
  QTUM_USDT_SWAP: 12 YOLO候选
  RAVE_USDT_SWAP: 6 YOLO候选
  RAY_USDT_SWAP: 12 YOLO候选
  RECALL_USDT_SWAP: 6 YOLO候选
  RENDER_USDT_SWAP: 9 YOLO候选
  RESOLV_USDT_SWAP: 8 YOLO候选
  RIVER_USDT_SWAP: 6 YOLO候选
  RLS_USDT_SWAP: 5 YOLO候选
  ROBO_USDT_SWAP: 8 YOLO候选
  RSR_USDT_SWAP: 11 YOLO候选
  RVN_USDT_SWAP: 10 YOLO候选
  SAHARA_USDT_SWAP: 11 YOLO候选
  SAND_USDT_SWAP: 10 YOLO候选
  … progress 250/344 rows=1820
  SAPIEN_USDT_SWAP: 7 YOLO候选
  SATS_USDT_SWAP: 8 YOLO候选
  SEI_USDT_SWAP: 7 YOLO候选
  SENT_USDT_SWAP: 10 YOLO候选
  SHELL_USDT_SWAP: 11 YOLO候选
  SHIB_USDT_SWAP: 10 YOLO候选
  SIGN_USDT_SWAP: 7 YOLO候选
  SKY_USDT_SWAP: 9 YOLO候选
  SNX_USDT_SWAP: 9 YOLO候选
  SOL_USDT_SWAP: 9 YOLO候选
  SOON_USDT_SWAP: 9 YOLO候选
  SOPH_USDT_SWAP: 10 YOLO候选
  SPACE_USDT_SWAP: 6 YOLO候选
  SPK_USDT_SWAP: 8 YOLO候选
  SPX_USDT_SWAP: 12 YOLO候选
  SSV_USDT_SWAP: 10 YOLO候选
  STABLE_USDT_SWAP: 11 YOLO候选
  … progress 275/344 rows=1973
  STRK_USDT_SWAP: 9 YOLO候选
  STX_USDT_SWAP: 12 YOLO候选
  SUI_USDT_SWAP: 13 YOLO候选
  SUSHI_USDT_SWAP: 12 YOLO候选
  SYRUP_USDT_SWAP: 11 YOLO候选
  S_USDT_SWAP: 11 YOLO候选
  TAO_USDT_SWAP: 9 YOLO候选
  THETA_USDT_SWAP: 12 YOLO候选
  TIA_USDT_SWAP: 8 YOLO候选
  TRB_USDT_SWAP: 12 YOLO候选
  TRIA_USDT_SWAP: 9 YOLO候选
  TRUMP_USDT_SWAP: 12 YOLO候选
  TRUST_USDT_SWAP: 10 YOLO候选
  TRUTH_USDT_SWAP: 7 YOLO候选
  TRX_USDT_SWAP: 6 YOLO候选
  TURBO_USDT_SWAP: 11 YOLO候选
  UB_USDT_SWAP: 0 YOLO候选
  UMA_USDT_SWAP: 11 YOLO候选
  … progress 300/344 rows=2145
  UNI_USDT_SWAP: 13 YOLO候选
  UP_USDT_SWAP: 6 YOLO候选
  USAR_USDT_SWAP: 1 YOLO候选
  USELESS_USDT_SWAP: 10 YOLO候选
  VANA_USDT_SWAP: 9 YOLO候选
  VIRTUAL_USDT_SWAP: 14 YOLO候选
  WAL_USDT_SWAP: 8 YOLO候选
  WCT_USDT_SWAP: 14 YOLO候选
  WET_USDT_SWAP: 10 YOLO候选
  WIF_USDT_SWAP: 10 YOLO候选
  WLD_USDT_SWAP: 8 YOLO候选
  WLFI_USDT_SWAP: 10 YOLO候选
  WOO_USDT_SWAP: 12 YOLO候选
  W_USDT_SWAP: 8 YOLO候选
  XCU_USDT_SWAP: 7 YOLO候选
  XLM_USDT_SWAP: 9 YOLO候选
  XPD_USDT_SWAP: 5 YOLO候选
  … progress 325/344 rows=2297
  XPL_USDT_SWAP: 6 YOLO候选
  XPT_USDT_SWAP: 7 YOLO候选
  XRP_USDT_SWAP: 10 YOLO候选
  XTZ_USDT_SWAP: 11 YOLO候选
  YB_USDT_SWAP: 10 YOLO候选
  YFI_USDT_SWAP: 12 YOLO候选
  YGG_USDT_SWAP: 13 YOLO候选
  ZAMA_USDT_SWAP: 6 YOLO候选
  ZBT_USDT_SWAP: 9 YOLO候选
  ZEC_USDT_SWAP: 8 YOLO候选
  ZEN_USDT_SWAP: 9 YOLO候选
  ZETA_USDT_SWAP: 7 YOLO候选
  ZIL_USDT_SWAP: 12 YOLO候选
  ZKP_USDT_SWAP: 13 YOLO候选
  ZK_USDT_SWAP: 11 YOLO候选
  ZORA_USDT_SWAP: 10 YOLO候选
  ZRO_USDT_SWAP: 12 YOLO候选
  ZRX_USDT_SWAP: 12 YOLO候选
  … progress 344/344 rows=2473
{
  "series": 344,
  "candidates": 2473,
  "symbols": 263,
  "pos_rate": 0.4193,
  "time_range": [
    "2026-04-03 18:45:00+00:00",
    "2026-05-03 03:15:00+00:00"
  ],
  "out": "data/judgment_yolo_swap_v12_valwin.csv",
  "weights": "/Users/zhangzc/fable-trading/models/owner_best.pt",
  "features": [
    "ma_spread_pct",
    "full_spread",
    "fast_slow_gap",
    "full_ratio_min48",
    "spread_mean8",
    "spread_mean24",
    "spread_chg8",
    "spread_chg24",
    "spread_pos96",
    "dense_run_len",
    "dense_frac48",
    "ext_up",
    "close_vs_ema55",
    "close_vs_ema200",
    "order_score",
    "slow_slope_12",
    "volume_ratio",
    "volume_z",
    "vol_ratio_mean8",
    "atr_pct",
    "atr_pct_ratio96",
    "pre_range48",
    "pre_range168",
    "drawdown24",
    "ret_4",
    "ret_12",
    "ret_24",
    "ret_48"
  ]
}
