=== queue2 start Thu Jul  9 00:50:49 CST 2026 ===
--- waiting until no fetch_okx process for 3 consecutive minutes
--- [1/4] funding-rate history
[1/56] AAVE_USDT_SWAP: 278 funding rows
[2/56] ADA_USDT_SWAP: 278 funding rows
[3/56] APE_USDT_SWAP: 278 funding rows
[4/56] APT_USDT_SWAP: 278 funding rows
[5/56] ARB_USDT_SWAP: 278 funding rows
[6/56] ATOM_USDT_SWAP: 278 funding rows
[7/56] AVAX_USDT_SWAP: 278 funding rows
[8/56] BCH_USDT_SWAP: 278 funding rows
[9/56] BNB_USDT_SWAP: 278 funding rows
[10/56] BTC_USDT_SWAP: 278 funding rows
[11/56] CFX_USDT_SWAP: 278 funding rows
[12/56] CHZ_USDT_SWAP: 278 funding rows
[13/56] CRV_USDT_SWAP: 278 funding rows
[14/56] DOGE_USDT_SWAP: 278 funding rows
[15/56] DOT_USDT_SWAP: 278 funding rows
[16/56] EIGEN_USDT_SWAP: 555 funding rows
[17/56] ENA_USDT_SWAP: 555 funding rows
[18/56] ETC_USDT_SWAP: 278 funding rows
[19/56] ETHFI_USDT_SWAP: 555 funding rows
[20/56] ETH_USDT_SWAP: 278 funding rows
[21/56] FIL_USDT_SWAP: 278 funding rows
[22/56] GALA_USDT_SWAP: 278 funding rows
[23/56] GRT_USDT_SWAP: 278 funding rows
[24/56] HBAR_USDT_SWAP: 278 funding rows
[25/56] HYPE_USDT_SWAP: 300 funding rows
[26/56] ICP_USDT_SWAP: 278 funding rows
  ID_USDT_SWAP: API error: Instrument ID, Instrument ID code, or Spread ID doesn't exist. -- skipped
[27/56] ID_USDT_SWAP: 0 funding rows
[28/56] INJ_USDT_SWAP: 278 funding rows
[29/56] JTO_USDT_SWAP: 555 funding rows
[30/56] LINK_USDT_SWAP: 278 funding rows
[31/56] LTC_USDT_SWAP: 278 funding rows
[32/56] NEAR_USDT_SWAP: 278 funding rows
[33/56] OKB_USDT_SWAP: 555 funding rows
[34/56] ONDO_USDT_SWAP: 555 funding rows
[35/56] OP_USDT_SWAP: 278 funding rows
[36/56] ORDI_USDT_SWAP: 555 funding rows
[37/56] PENGU_USDT_SWAP: 555 funding rows
[38/56] PEPE_USDT_SWAP: 278 funding rows
[39/56] PI_USDT_SWAP: 555 funding rows
[40/56] POL_USDT_SWAP: 555 funding rows
[41/56] SAND_USDT_SWAP: 278 funding rows
[42/56] SHIB_USDT_SWAP: 278 funding rows
[43/56] SOL_USDT_SWAP: 278 funding rows
[44/56] SUI_USDT_SWAP: 278 funding rows
[45/56] TIA_USDT_SWAP: 555 funding rows
  TON_USDT_SWAP: API error: Instrument ID, Instrument ID code, or Spread ID doesn't exist. -- skipped
[46/56] TON_USDT_SWAP: 0 funding rows
[47/56] TRUMP_USDT_SWAP: 555 funding rows
[48/56] TRX_USDT_SWAP: 278 funding rows
[49/56] UNI_USDT_SWAP: 277 funding rows
[50/56] VIRTUAL_USDT_SWAP: 555 funding rows
[51/56] WLD_USDT_SWAP: 278 funding rows
[52/56] XLM_USDT_SWAP: 278 funding rows
[53/56] XRP_USDT_SWAP: 278 funding rows
[54/56] ZEC_USDT_SWAP: 300 funding rows
[55/56] ZK_USDT_SWAP: 555 funding rows
[56/56] ZRO_USDT_SWAP: 555 funding rows
done: 19210 rows
--- [2/4] 1H + 30m for the full swap universe
fetching 56 symbols with 8 workers
  ATOM_USDT_SWAP: done, 9699 bars from 2025-05-30 -> okx_ATOM_USDT_SWAP_1H_9699.csv
[1/56 finished]
  AAVE_USDT_SWAP: done, 9699 bars from 2025-05-30 -> okx_AAVE_USDT_SWAP_1H_9699.csv
[2/56 finished]
  ADA_USDT_SWAP: done, 9699 bars from 2025-05-30 -> okx_ADA_USDT_SWAP_1H_9699.csv
[3/56 finished]
  APE_USDT_SWAP: done, 9699 bars from 2025-05-30 -> okx_APE_USDT_SWAP_1H_9699.csv
[4/56 finished]
  ARB_USDT_SWAP: done, 9699 bars from 2025-05-30 -> okx_ARB_USDT_SWAP_1H_9699.csv
[5/56 finished]
  AVAX_USDT_SWAP: done, 9699 bars from 2025-05-30 -> okx_AVAX_USDT_SWAP_1H_9699.csv
[6/56 finished]
  APT_USDT_SWAP: done, 9699 bars from 2025-05-30 -> okx_APT_USDT_SWAP_1H_9699.csv
[7/56 finished]
  BCH_USDT_SWAP: done, 9699 bars from 2025-05-30 -> okx_BCH_USDT_SWAP_1H_9699.csv
[8/56 finished]
  CFX_USDT_SWAP: done, 9699 bars from 2025-05-30 -> okx_CFX_USDT_SWAP_1H_9699.csv
[9/56 finished]
  BNB_USDT_SWAP: done, 9699 bars from 2025-05-30 -> okx_BNB_USDT_SWAP_1H_9699.csv
[10/56 finished]
  BTC_USDT_SWAP: done, 9699 bars from 2025-05-30 -> okx_BTC_USDT_SWAP_1H_9699.csv
[11/56 finished]
  CHZ_USDT_SWAP: done, 9699 bars from 2025-05-30 -> okx_CHZ_USDT_SWAP_1H_9699.csv
[12/56 finished]
  DOT_USDT_SWAP: done, 9699 bars from 2025-05-30 -> okx_DOT_USDT_SWAP_1H_9699.csv
[13/56 finished]
  DOGE_USDT_SWAP: done, 9699 bars from 2025-05-30 -> okx_DOGE_USDT_SWAP_1H_9699.csv
[14/56 finished]
  CRV_USDT_SWAP: done, 9699 bars from 2025-05-30 -> okx_CRV_USDT_SWAP_1H_9699.csv
[15/56 finished]
  EIGEN_USDT_SWAP: done, 9699 bars from 2025-05-30 -> okx_EIGEN_USDT_SWAP_1H_9699.csv
[16/56 finished]
  ENA_USDT_SWAP: done, 7066 bars from 2025-09-17 -> okx_ENA_USDT_SWAP_1H_7066.csv
[17/56 finished]
  ETC_USDT_SWAP: done, 9699 bars from 2025-05-30 -> okx_ETC_USDT_SWAP_1H_9699.csv
[18/56 finished]
  GALA_USDT_SWAP: done, 9699 bars from 2025-05-30 -> okx_GALA_USDT_SWAP_1H_9699.csv
[19/56 finished]
  ETHFI_USDT_SWAP: done, 9699 bars from 2025-05-30 -> okx_ETHFI_USDT_SWAP_1H_9699.csv
[20/56 finished]
  ID_USDT_SWAP: API error: Instrument ID, Instrument ID code, or Spread ID doesn't exist. -- skipping
  ID_USDT_SWAP: no data
[21/56 finished]
  FIL_USDT_SWAP: done, 9699 bars from 2025-05-30 -> okx_FIL_USDT_SWAP_1H_9699.csv
[22/56 finished]
  GRT_USDT_SWAP: done, 9699 bars from 2025-05-30 -> okx_GRT_USDT_SWAP_1H_9699.csv
[23/56 finished]
  ETH_USDT_SWAP: done, 9699 bars from 2025-05-30 -> okx_ETH_USDT_SWAP_1H_9699.csv
[24/56 finished]
  HBAR_USDT_SWAP: done, 9699 bars from 2025-05-30 -> okx_HBAR_USDT_SWAP_1H_9699.csv
[25/56 finished]
  HYPE_USDT_SWAP: done, 9699 bars from 2025-05-30 -> okx_HYPE_USDT_SWAP_1H_9699.csv
[26/56 finished]
  OKB_USDT_SWAP: done, 7383 bars from 2025-09-04 -> okx_OKB_USDT_SWAP_1H_7383.csv
[27/56 finished]
  ICP_USDT_SWAP: done, 9699 bars from 2025-05-30 -> okx_ICP_USDT_SWAP_1H_9699.csv
[28/56 finished]
  LINK_USDT_SWAP: done, 9699 bars from 2025-05-30 -> okx_LINK_USDT_SWAP_1H_9699.csv
[29/56 finished]
  INJ_USDT_SWAP: done, 9699 bars from 2025-05-30 -> okx_INJ_USDT_SWAP_1H_9699.csv
[30/56 finished]
  JTO_USDT_SWAP: done, 9699 bars from 2025-05-30 -> okx_JTO_USDT_SWAP_1H_9699.csv
[31/56 finished]
  LTC_USDT_SWAP: done, 9699 bars from 2025-05-30 -> okx_LTC_USDT_SWAP_1H_9699.csv
[32/56 finished]
  NEAR_USDT_SWAP: done, 9699 bars from 2025-05-30 -> okx_NEAR_USDT_SWAP_1H_9699.csv
[33/56 finished]
  ONDO_USDT_SWAP: done, 9699 bars from 2025-05-30 -> okx_ONDO_USDT_SWAP_1H_9699.csv
[34/56 finished]
  OP_USDT_SWAP: done, 9699 bars from 2025-05-30 -> okx_OP_USDT_SWAP_1H_9699.csv
[35/56 finished]
  ORDI_USDT_SWAP: done, 9699 bars from 2025-05-30 -> okx_ORDI_USDT_SWAP_1H_9699.csv
[36/56 finished]
  PENGU_USDT_SWAP: done, 9699 bars from 2025-05-30 -> okx_PENGU_USDT_SWAP_1H_9699.csv
[37/56 finished]
  PI_USDT_SWAP: done, 9699 bars from 2025-05-30 -> okx_PI_USDT_SWAP_1H_9699.csv
[38/56 finished]
  POL_USDT_SWAP: done, 9699 bars from 2025-05-30 -> okx_POL_USDT_SWAP_1H_9699.csv
[39/56 finished]
  TON_USDT_SWAP: API error: Instrument ID, Instrument ID code, or Spread ID doesn't exist. -- skipping
  TON_USDT_SWAP: no data
[40/56 finished]
  SAND_USDT_SWAP: done, 9699 bars from 2025-05-30 -> okx_SAND_USDT_SWAP_1H_9699.csv
[41/56 finished]
  PEPE_USDT_SWAP: done, 9699 bars from 2025-05-30 -> okx_PEPE_USDT_SWAP_1H_9699.csv
[42/56 finished]
  SHIB_USDT_SWAP: done, 9699 bars from 2025-05-30 -> okx_SHIB_USDT_SWAP_1H_9699.csv
[43/56 finished]
  SOL_USDT_SWAP: done, 9699 bars from 2025-05-30 -> okx_SOL_USDT_SWAP_1H_9699.csv
[44/56 finished]
  TIA_USDT_SWAP: done, 9699 bars from 2025-05-30 -> okx_TIA_USDT_SWAP_1H_9699.csv
[45/56 finished]
  SUI_USDT_SWAP: done, 9699 bars from 2025-05-30 -> okx_SUI_USDT_SWAP_1H_9699.csv
[46/56 finished]
  TRX_USDT_SWAP: done, 9699 bars from 2025-05-30 -> okx_TRX_USDT_SWAP_1H_9699.csv
[47/56 finished]
  TRUMP_USDT_SWAP: done, 9699 bars from 2025-05-30 -> okx_TRUMP_USDT_SWAP_1H_9699.csv
[48/56 finished]
  VIRTUAL_USDT_SWAP: done, 9699 bars from 2025-05-30 -> okx_VIRTUAL_USDT_SWAP_1H_9699.csv
[49/56 finished]
  UNI_USDT_SWAP: done, 9699 bars from 2025-05-30 -> okx_UNI_USDT_SWAP_1H_9699.csv
[50/56 finished]
  ZEC_USDT_SWAP: done, 5870 bars from 2025-11-06 -> okx_ZEC_USDT_SWAP_1H_5870.csv
[51/56 finished]
  WLD_USDT_SWAP: done, 9699 bars from 2025-05-30 -> okx_WLD_USDT_SWAP_1H_9699.csv
[52/56 finished]
  XLM_USDT_SWAP: done, 9699 bars from 2025-05-30 -> okx_XLM_USDT_SWAP_1H_9699.csv
[53/56 finished]
  XRP_USDT_SWAP: done, 9699 bars from 2025-05-30 -> okx_XRP_USDT_SWAP_1H_9699.csv
[54/56 finished]
  ZK_USDT_SWAP: done, 9699 bars from 2025-05-30 -> okx_ZK_USDT_SWAP_1H_9699.csv
[55/56 finished]
  ZRO_USDT_SWAP: done, 9699 bars from 2025-05-30 -> okx_ZRO_USDT_SWAP_1H_9699.csv
[56/56 finished]
fetching 56 symbols with 8 workers
  APT_USDT_SWAP: done, 19299 bars from 2025-06-01 -> okx_APT_USDT_SWAP_30m_19299.csv
[1/56 finished]
  ATOM_USDT_SWAP: done, 19299 bars from 2025-06-01 -> okx_ATOM_USDT_SWAP_30m_19299.csv
[2/56 finished]
  APE_USDT_SWAP: done, 19299 bars from 2025-06-01 -> okx_APE_USDT_SWAP_30m_19299.csv
[3/56 finished]
  AVAX_USDT_SWAP: done, 19299 bars from 2025-06-01 -> okx_AVAX_USDT_SWAP_30m_19299.csv
[4/56 finished]
  ADA_USDT_SWAP: done, 19299 bars from 2025-06-01 -> okx_ADA_USDT_SWAP_30m_19299.csv
[5/56 finished]
  AAVE_USDT_SWAP: done, 19299 bars from 2025-06-01 -> okx_AAVE_USDT_SWAP_30m_19299.csv
[6/56 finished]
  BCH_USDT_SWAP: done, 19299 bars from 2025-06-01 -> okx_BCH_USDT_SWAP_30m_19299.csv
[7/56 finished]
  ARB_USDT_SWAP: done, 19299 bars from 2025-06-01 -> okx_ARB_USDT_SWAP_30m_19299.csv
[8/56 finished]
  BTC_USDT_SWAP: done, 19299 bars from 2025-06-01 -> okx_BTC_USDT_SWAP_30m_19299.csv
[9/56 finished]
  CFX_USDT_SWAP: done, 19299 bars from 2025-06-01 -> okx_CFX_USDT_SWAP_30m_19299.csv
[10/56 finished]
  DOGE_USDT_SWAP: done, 19299 bars from 2025-06-01 -> okx_DOGE_USDT_SWAP_30m_19299.csv
[11/56 finished]
  CHZ_USDT_SWAP: done, 19299 bars from 2025-06-01 -> okx_CHZ_USDT_SWAP_30m_19299.csv
[12/56 finished]
  DOT_USDT_SWAP: done, 19299 bars from 2025-06-01 -> okx_DOT_USDT_SWAP_30m_19299.csv
[13/56 finished]
  BNB_USDT_SWAP: done, 19299 bars from 2025-06-01 -> okx_BNB_USDT_SWAP_30m_19299.csv
[14/56 finished]
  CRV_USDT_SWAP: done, 19299 bars from 2025-06-01 -> okx_CRV_USDT_SWAP_30m_19299.csv
[15/56 finished]
  EIGEN_USDT_SWAP: done, 19299 bars from 2025-06-01 -> okx_EIGEN_USDT_SWAP_30m_19299.csv
[16/56 finished]
  ENA_USDT_SWAP: done, 14132 bars from 2025-09-17 -> okx_ENA_USDT_SWAP_30m_14132.csv
[17/56 finished]
  FIL_USDT_SWAP: done, 19299 bars from 2025-06-01 -> okx_FIL_USDT_SWAP_30m_19299.csv
[18/56 finished]
  ETHFI_USDT_SWAP: done, 19299 bars from 2025-06-01 -> okx_ETHFI_USDT_SWAP_30m_19299.csv
[19/56 finished]
  ETC_USDT_SWAP: done, 19299 bars from 2025-06-01 -> okx_ETC_USDT_SWAP_30m_19299.csv
[20/56 finished]
  ID_USDT_SWAP: API error: Instrument ID, Instrument ID code, or Spread ID doesn't exist. -- skipping
  ID_USDT_SWAP: no data
[21/56 finished]
  ETH_USDT_SWAP: done, 19299 bars from 2025-06-01 -> okx_ETH_USDT_SWAP_30m_19299.csv
[22/56 finished]
  GALA_USDT_SWAP: done, 19299 bars from 2025-06-01 -> okx_GALA_USDT_SWAP_30m_19299.csv
[23/56 finished]
  HBAR_USDT_SWAP: done, 19299 bars from 2025-06-01 -> okx_HBAR_USDT_SWAP_30m_19299.csv
[24/56 finished]
  GRT_USDT_SWAP: done, 19299 bars from 2025-06-01 -> okx_GRT_USDT_SWAP_30m_19299.csv
[25/56 finished]
  HYPE_USDT_SWAP: done, 19299 bars from 2025-06-01 -> okx_HYPE_USDT_SWAP_30m_19299.csv
[26/56 finished]
  OKB_USDT_SWAP: done, 14767 bars from 2025-09-04 -> okx_OKB_USDT_SWAP_30m_14767.csv
[27/56 finished]
  ICP_USDT_SWAP: done, 19299 bars from 2025-06-01 -> okx_ICP_USDT_SWAP_30m_19299.csv
[28/56 finished]
  JTO_USDT_SWAP: done, 19299 bars from 2025-06-01 -> okx_JTO_USDT_SWAP_30m_19299.csv
[29/56 finished]
  INJ_USDT_SWAP: done, 19299 bars from 2025-06-01 -> okx_INJ_USDT_SWAP_30m_19299.csv
[30/56 finished]
  LINK_USDT_SWAP: done, 19299 bars from 2025-06-01 -> okx_LINK_USDT_SWAP_30m_19299.csv
[31/56 finished]
  LTC_USDT_SWAP: done, 19299 bars from 2025-06-01 -> okx_LTC_USDT_SWAP_30m_19299.csv
[32/56 finished]
  NEAR_USDT_SWAP: done, 19299 bars from 2025-06-01 -> okx_NEAR_USDT_SWAP_30m_19299.csv
[33/56 finished]
  ONDO_USDT_SWAP: done, 19299 bars from 2025-06-01 -> okx_ONDO_USDT_SWAP_30m_19299.csv
[34/56 finished]
  OP_USDT_SWAP: done, 19299 bars from 2025-06-01 -> okx_OP_USDT_SWAP_30m_19299.csv
[35/56 finished]
  PENGU_USDT_SWAP: done, 19299 bars from 2025-06-01 -> okx_PENGU_USDT_SWAP_30m_19299.csv
[36/56 finished]
  ORDI_USDT_SWAP: done, 19299 bars from 2025-06-01 -> okx_ORDI_USDT_SWAP_30m_19299.csv
[37/56 finished]
  POL_USDT_SWAP: done, 19299 bars from 2025-06-01 -> okx_POL_USDT_SWAP_30m_19299.csv
[38/56 finished]
  TON_USDT_SWAP: API error: Instrument ID, Instrument ID code, or Spread ID doesn't exist. -- skipping
  TON_USDT_SWAP: no data
[39/56 finished]
  PEPE_USDT_SWAP: done, 19299 bars from 2025-06-01 -> okx_PEPE_USDT_SWAP_30m_19299.csv
[40/56 finished]
  PI_USDT_SWAP: done, 19299 bars from 2025-06-01 -> okx_PI_USDT_SWAP_30m_19299.csv
[41/56 finished]
  SAND_USDT_SWAP: done, 19299 bars from 2025-06-01 -> okx_SAND_USDT_SWAP_30m_19299.csv
[42/56 finished]
  SHIB_USDT_SWAP: done, 19299 bars from 2025-06-01 -> okx_SHIB_USDT_SWAP_30m_19299.csv
[43/56 finished]
  SOL_USDT_SWAP: done, 19299 bars from 2025-06-01 -> okx_SOL_USDT_SWAP_30m_19299.csv
[44/56 finished]
  SUI_USDT_SWAP: done, 19299 bars from 2025-06-01 -> okx_SUI_USDT_SWAP_30m_19299.csv
[45/56 finished]
  TIA_USDT_SWAP: done, 19299 bars from 2025-06-01 -> okx_TIA_USDT_SWAP_30m_19299.csv
[46/56 finished]
  TRUMP_USDT_SWAP: done, 19299 bars from 2025-06-01 -> okx_TRUMP_USDT_SWAP_30m_19299.csv
[47/56 finished]
  UNI_USDT_SWAP: done, 19299 bars from 2025-06-01 -> okx_UNI_USDT_SWAP_30m_19299.csv
[48/56 finished]
  TRX_USDT_SWAP: done, 19299 bars from 2025-06-01 -> okx_TRX_USDT_SWAP_30m_19299.csv
[49/56 finished]
  VIRTUAL_USDT_SWAP: done, 19299 bars from 2025-06-01 -> okx_VIRTUAL_USDT_SWAP_30m_19299.csv
[50/56 finished]
  ZEC_USDT_SWAP: done, 11742 bars from 2025-11-06 -> okx_ZEC_USDT_SWAP_30m_11742.csv
[51/56 finished]
  WLD_USDT_SWAP: done, 19299 bars from 2025-06-01 -> okx_WLD_USDT_SWAP_30m_19299.csv
[52/56 finished]
  XLM_USDT_SWAP: done, 19299 bars from 2025-06-01 -> okx_XLM_USDT_SWAP_30m_19299.csv
[53/56 finished]
  XRP_USDT_SWAP: done, 19299 bars from 2025-06-01 -> okx_XRP_USDT_SWAP_30m_19299.csv
[54/56 finished]
  ZRO_USDT_SWAP: done, 19299 bars from 2025-06-01 -> okx_ZRO_USDT_SWAP_30m_19299.csv
[55/56 finished]
  ZK_USDT_SWAP: done, 19299 bars from 2025-06-01 -> okx_ZK_USDT_SWAP_30m_19299.csv
[56/56 finished]
--- [3/4] 5m for 15 majors (200 days to cap volume)
fetching 15 symbols with 8 workers
  BTC_USDT_SWAP: done, 57699 bars from 2025-12-20 -> okx_BTC_USDT_SWAP_5m_57699.csv
[1/15 finished]
  ADA_USDT_SWAP: done, 57699 bars from 2025-12-20 -> okx_ADA_USDT_SWAP_5m_57699.csv
[2/15 finished]
  XRP_USDT_SWAP: done, 57699 bars from 2025-12-20 -> okx_XRP_USDT_SWAP_5m_57699.csv
[3/15 finished]
  SOL_USDT_SWAP: done, 57699 bars from 2025-12-20 -> okx_SOL_USDT_SWAP_5m_57699.csv
[4/15 finished]
  BNB_USDT_SWAP: done, 57699 bars from 2025-12-20 -> okx_BNB_USDT_SWAP_5m_57699.csv
[5/15 finished]
  ETH_USDT_SWAP: done, 57699 bars from 2025-12-20 -> okx_ETH_USDT_SWAP_5m_57699.csv
[6/15 finished]
  TON_USDT_SWAP: API error: Instrument ID, Instrument ID code, or Spread ID doesn't exist. -- skipping
  TON_USDT_SWAP: no data
[7/15 finished]
  LINK_USDT_SWAP: done, 57699 bars from 2025-12-20 -> okx_LINK_USDT_SWAP_5m_57699.csv
[8/15 finished]
  DOGE_USDT_SWAP: done, 57699 bars from 2025-12-20 -> okx_DOGE_USDT_SWAP_5m_57699.csv
[9/15 finished]
  DOT_USDT_SWAP: done, 57699 bars from 2025-12-20 -> okx_DOT_USDT_SWAP_5m_57699.csv
[10/15 finished]
  LTC_USDT_SWAP: done, 57699 bars from 2025-12-20 -> okx_LTC_USDT_SWAP_5m_57699.csv
[11/15 finished]
  TRX_USDT_SWAP: done, 57699 bars from 2025-12-20 -> okx_TRX_USDT_SWAP_5m_57699.csv
[12/15 finished]
  AVAX_USDT_SWAP: done, 57699 bars from 2025-12-20 -> okx_AVAX_USDT_SWAP_5m_57699.csv
[13/15 finished]
  ARB_USDT_SWAP: done, 57699 bars from 2025-12-20 -> okx_ARB_USDT_SWAP_5m_57699.csv
[14/15 finished]
  OP_USDT_SWAP: done, 57699 bars from 2025-12-20 -> okx_OP_USDT_SWAP_5m_57699.csv
[15/15 finished]
--- [4/4] H1/H2 exit-variant sweep (15m expanded pool, val only)
{'config': 'tp5_sl2_base', 'n': 19107, 'val_auc': 0.557, 'perm_p': 0.001, 'top_gross': 0.00285, 'top_net_maker': 0.00125, 'top_win_rate': 0.4216, 'mean_exit_bars': 21.1, 'outcomes': {'sl': 1813, 'tp': 1039, 'timeout': 211}}
{'config': 'scaled_25_t3', 'n': 19107, 'val_auc': 0.6075, 'perm_p': 0.001, 'top_gross': 0.00295, 'top_net_maker': 0.00135, 'top_win_rate': 0.6503, 'mean_exit_bars': 18.3, 'outcomes': {'scaled': 1579, 'sl': 1393, 'scaled_timeout': 55, 'timeout': 36}}
{'config': 'breakeven_15', 'n': 19107, 'val_auc': 0.5342, 'perm_p': 0.004, 'top_gross': 0.00307, 'top_net_maker': 0.00147, 'top_win_rate': 0.3203, 'mean_exit_bars': 13.5, 'outcomes': {'be': 1179, 'sl': 1143, 'tp': 698, 'timeout': 43}}
=== queue2 done Thu Jul  9 02:44:30 CST 2026 ===
