=== queue4 start Thu Jul  9 08:27:06 CST 2026 ===
--- waiting for queue3 to finish
--- [1/2] v3 stack portfolio sim (SWAP mainline, val window)
{'config': 'tp5_sl2', 'variant': 'raw', 'cost': 'maker016', 'n_trades': 144, 'net_pct': -1.33, 'pf': 0.808, 'maxdd_pct': 2.42, 'win': 0.3472}
{'config': 'tp5_sl2', 'variant': 'raw', 'cost': 'swap006', 'n_trades': 144, 'net_pct': 0.11, 'pf': 1.019, 'maxdd_pct': 1.62, 'win': 0.3472}
{'config': 'tp5_sl2', 'variant': 'maker', 'cost': 'maker016', 'n_trades': 123, 'net_pct': -1.42, 'pf': 0.766, 'maxdd_pct': 2.41, 'win': 0.3333}
{'config': 'tp5_sl2', 'variant': 'maker', 'cost': 'swap006', 'n_trades': 123, 'net_pct': -0.19, 'pf': 0.964, 'maxdd_pct': 1.56, 'win': 0.3333}
{'config': 'tp5_sl2', 'variant': 'maker+h9', 'cost': 'maker016', 'n_trades': 49, 'net_pct': -0.13, 'pf': 0.935, 'maxdd_pct': 0.89, 'win': 0.3878}
{'config': 'tp5_sl2', 'variant': 'maker+h9', 'cost': 'swap006', 'n_trades': 49, 'net_pct': 0.36, 'pf': 1.204, 'maxdd_pct': 0.73, 'win': 0.3878}
{'config': 'scaled_25_t3', 'variant': 'raw', 'cost': 'maker016', 'n_trades': 144, 'net_pct': 3.35, 'pf': 2.157, 'maxdd_pct': 0.35, 'win': 0.7292}
{'config': 'scaled_25_t3', 'variant': 'raw', 'cost': 'swap006', 'n_trades': 144, 'net_pct': 4.79, 'pf': 2.912, 'maxdd_pct': 0.28, 'win': 0.7292}
{'config': 'scaled_25_t3', 'variant': 'maker', 'cost': 'maker016', 'n_trades': 125, 'net_pct': 2.9, 'pf': 2.101, 'maxdd_pct': 0.36, 'win': 0.712}
{'config': 'scaled_25_t3', 'variant': 'maker', 'cost': 'swap006', 'n_trades': 125, 'net_pct': 4.15, 'pf': 2.825, 'maxdd_pct': 0.29, 'win': 0.712}
{'config': 'scaled_25_t3', 'variant': 'maker+h9', 'cost': 'maker016', 'n_trades': 46, 'net_pct': 0.97, 'pf': 2.324, 'maxdd_pct': 0.23, 'win': 0.7609}
{'config': 'scaled_25_t3', 'variant': 'maker+h9', 'cost': 'swap006', 'n_trades': 46, 'net_pct': 1.43, 'pf': 3.298, 'maxdd_pct': 0.17, 'win': 0.7609}
wrote /Users/zhangzc/fable-trading/src/webapp/static/v3_backtest.html
--- [2/2] deploy dashboard (incl. v3_backtest.html) to VPS
active
http:200
done -> http://103.214.174.58:8642
vps v3 page http:200
=== queue4 done Thu Jul  9 08:29:12 CST 2026 ===
